{
  "RSpec": {
    "coverage": {
      "/Users/helenivanytska/Documents/bookstore/spec/controllers/addresses_controller_spec.rb": [
        1,
        null,
        1,
        6,
        null,
        6,
        null,
        1,
        3,
        null,
        3,
        null,
        1,
        1,
        null,
        null,
        1,
        1,
        null,
        null,
        null,
        1,
        1,
        2,
        null,
        null,
        3,
        null,
        1,
        1,
        null,
        null,
        1,
        1,
        null,
        null,
        null,
        1,
        2,
        1,
        1,
        null,
        null,
        2,
        null,
        1,
        1,
        null,
        null,
        null
      ],
      "/Users/helenivanytska/Documents/bookstore/spec/rails_helper.rb": [
        1,
        null,
        1,
        1,
        null,
        1,
        1,
        1,
        1,
        null,
        1,
        1,
        null,
        0,
        0,
        null,
        null,
        1,
        1,
        1,
        1,
        1,
        1,
        null,
        null,
        1,
        242,
        null,
        null,
        1,
        242,
        null,
        null,
        1,
        1,
        1,
        1,
        null,
        null,
        1,
        0,
        null,
        1,
        1,
        1,
        null,
        1,
        1,
        1,
        1,
        null,
        null
      ],
      "/Users/helenivanytska/Documents/bookstore/config/environment.rb": [
        null,
        1,
        null,
        null,
        1
      ],
      "/Users/helenivanytska/Documents/bookstore/config/application.rb": [
        1,
        null,
        1,
        null,
        1,
        null,
        1,
        1,
        1,
        null,
        1,
        1,
        1,
        null,
        null,
        1,
        null,
        null
      ],
      "/Users/helenivanytska/Documents/bookstore/config/boot.rb": [
        1,
        null,
        1,
        1
      ],
      "/Users/helenivanytska/Documents/bookstore/config/environments/test.rb": [
        1,
        1,
        1,
        null,
        1,
        1,
        null,
        null,
        null,
        1,
        1,
        1,
        null,
        1,
        1,
        1,
        1,
        null,
        1,
        1,
        null
      ],
      "/Users/helenivanytska/Documents/bookstore/config/initializers/active_admin.rb": [
        1,
        null,
        null,
        null,
        null,
        null,
        1,
        null,
        null,
        null,
        null,
        null,
        null,
        null,
        null,
        null,
        null,
        null,
        null,
        null,
        null,
        null,
        null,
        null,
        null,
        null,
        null,
        null,
        null,
        null,
        null,
        null,
        null,
        null,
        null,
        null,
        null,
        null,
        null,
        null,
        null,
        null,
        null,
        null,
        null,
        null,
        null,
        null,
        null,
        null,
        null,
        null,
        null,
        null,
        null,
        null,
        1,
        null,
        null,
        null,
        null,
        null,
        null,
        null,
        null,
        null,
        null,
        null,
        null,
        null,
        null,
        null,
        null,
        null,
        null,
        null,
        null,
        null,
        null,
        null,
        null,
        null,
        null,
        null,
        null,
        null,
        null,
        null,
        null,
        null,
        null,
        null,
        null,
        1,
        null,
        null,
        null,
        null,
        null,
        null,
        null,
        null,
        null,
        null,
        null,
        1,
        null,
        null,
        null,
        null,
        null,
        null,
        null,
        null,
        null,
        null,
        null,
        null,
        null,
        null,
        null,
        null,
        null,
        null,
        null,
        null,
        null,
        null,
        null,
        null,
        null,
        null,
        null,
        null,
        null,
        null,
        null,
        null,
        null,
        null,
        null,
        null,
        null,
        null,
        null,
        1,
        null,
        null,
        null,
        null,
        null,
        null,
        null,
        null,
        null,
        null,
        null,
        null,
        null,
        1,
        null,
        null,
        null,
        null,
        null,
        null,
        null,
        1,
        null,
        null,
        null,
        null,
        null,
        null,
        null,
        null,
        null,
        null,
        null,
        null,
        null,
        null,
        null,
        null,
        null,
        null,
        null,
        null,
        null,
        null,
        null,
        null,
        null,
        null,
        null,
        null,
        null,
        null,
        null,
        null,
        null,
        null,
        null,
        null,
        null,
        null,
        null,
        null,
        null,
        null,
        null,
        null,
        null,
        null,
        null,
        null,
        null,
        null,
        null,
        null,
        null,
        null,
        null,
        null,
        null,
        null,
        null,
        null,
        null,
        null,
        null,
        null,
        null,
        null,
        null,
        null,
        null,
        null,
        null,
        null,
        null,
        null,
        null,
        null,
        null,
        null,
        null,
        null,
        null,
        null,
        null,
        null,
        null,
        null,
        null,
        null,
        null,
        null,
        null,
        null,
        null,
        null,
        null,
        null,
        null,
        null,
        null,
        null,
        null,
        null,
        null,
        null,
        null,
        null,
        null,
        null,
        null,
        null,
        null,
        null,
        null,
        null,
        null,
        null,
        null,
        null,
        null,
        null,
        null,
        null,
        null,
        null,
        null,
        null,
        null,
        null,
        null,
        null,
        null,
        null,
        null,
        null,
        null,
        null,
        null,
        null,
        null,
        null,
        null,
        null,
        null,
        null
      ],
      "/Users/helenivanytska/Documents/bookstore/config/initializers/application_controller_renderer.rb": [
        null,
        null,
        null,
        null,
        null,
        null,
        null,
        null
      ],
      "/Users/helenivanytska/Documents/bookstore/config/initializers/assets.rb": [
        null,
        null,
        null,
        1,
        null,
        null,
        null,
        null,
        1,
        null,
        null,
        null,
        null,
        null
      ],
      "/Users/helenivanytska/Documents/bookstore/config/initializers/backtrace_silencers.rb": [
        null,
        null,
        null,
        null,
        null,
        null,
        null
      ],
      "/Users/helenivanytska/Documents/bookstore/config/initializers/carrierwave.rb": [
        1,
        1,
        null,
        null,
        null,
        null,
        1,
        null,
        1,
        0,
        null,
        1,
        null,
        null
      ],
      "/Users/helenivanytska/Documents/bookstore/config/initializers/content_security_policy.rb": [
        null,
        null,
        null,
        null,
        null,
        null,
        null,
        null,
        null,
        null,
        null,
        null,
        null,
        null,
        null,
        null,
        null,
        null,
        null,
        null,
        null,
        null,
        null,
        null,
        null
      ],
      "/Users/helenivanytska/Documents/bookstore/config/initializers/cookies_serializer.rb": [
        null,
        null,
        null,
        null,
        1
      ],
      "/Users/helenivanytska/Documents/bookstore/config/initializers/devise.rb": [
        null,
        null,
        null,
        null,
        1,
        null,
        null,
        null,
        null,
        null,
        null,
        null,
        null,
        null,
        null,
        null,
        null,
        null,
        null,
        null,
        1,
        null,
        null,
        null,
        null,
        null,
        null,
        null,
        null,
        null,
        null,
        null,
        1,
        null,
        null,
        null,
        null,
        null,
        null,
        null,
        null,
        null,
        null,
        null,
        null,
        null,
        null,
        null,
        null,
        null,
        null,
        null,
        null,
        null,
        1,
        null,
        null,
        null,
        null,
        1,
        null,
        null,
        null,
        null,
        null,
        null,
        null,
        null,
        null,
        null,
        null,
        null,
        null,
        null,
        null,
        null,
        null,
        null,
        null,
        null,
        null,
        null,
        null,
        null,
        null,
        null,
        null,
        null,
        null,
        null,
        1,
        null,
        null,
        null,
        null,
        null,
        null,
        null,
        null,
        null,
        null,
        null,
        null,
        null,
        null,
        null,
        null,
        null,
        null,
        null,
        null,
        null,
        null,
        1,
        null,
        null,
        null,
        null,
        null,
        null,
        null,
        null,
        null,
        null,
        null,
        null,
        null,
        null,
        null,
        null,
        null,
        null,
        null,
        null,
        null,
        null,
        null,
        null,
        null,
        null,
        null,
        null,
        null,
        null,
        1,
        null,
        null,
        null,
        null,
        null,
        null,
        null,
        null,
        null,
        1,
        null,
        null,
        null,
        null,
        null,
        null,
        null,
        null,
        null,
        null,
        1,
        null,
        null,
        null,
        null,
        1,
        null,
        null,
        null,
        null,
        null,
        null,
        null,
        null,
        null,
        null,
        null,
        null,
        null,
        null,
        null,
        null,
        null,
        null,
        null,
        null,
        null,
        null,
        null,
        null,
        null,
        null,
        null,
        null,
        null,
        null,
        null,
        null,
        null,
        null,
        null,
        null,
        null,
        null,
        null,
        null,
        1,
        null,
        null,
        null,
        null,
        null,
        null,
        null,
        null,
        null,
        null,
        null,
        null,
        null,
        null,
        null,
        null,
        null,
        null,
        null,
        null,
        null,
        null,
        null,
        null,
        null,
        null,
        null,
        null,
        null,
        null,
        null,
        null,
        null,
        null,
        null,
        null,
        null,
        null,
        null,
        null,
        null,
        1,
        null,
        null,
        null,
        null,
        null,
        1,
        null,
        null,
        null,
        null,
        null,
        null,
        null,
        null,
        null,
        null,
        null,
        null,
        null,
        null,
        null,
        null,
        null,
        null,
        null,
        null,
        null,
        null,
        null,
        null,
        null,
        null,
        null,
        null,
        null,
        null
      ],
      "/Users/helenivanytska/Documents/bookstore/config/initializers/filter_parameter_logging.rb": [
        null,
        null,
        null,
        1
      ],
      "/Users/helenivanytska/Documents/bookstore/config/initializers/inflections.rb": [
        null,
        null,
        null,
        null,
        null,
        null,
        null,
        null,
        null,
        null,
        null,
        null,
        null,
        null,
        null,
        null
      ],
      "/Users/helenivanytska/Documents/bookstore/config/initializers/mime_types.rb": [
        null,
        null,
        null,
        null
      ],
      "/Users/helenivanytska/Documents/bookstore/config/initializers/pagy.rb": [
        1
      ],
      "/Users/helenivanytska/Documents/bookstore/config/initializers/simple_form.rb": [
        null,
        null,
        null,
        null,
        null,
        null,
        null,
        null,
        null,
        1,
        null,
        null,
        null,
        null,
        null,
        1,
        null,
        null,
        null,
        null,
        null,
        null,
        null,
        null,
        null,
        1,
        null,
        null,
        null,
        1,
        null,
        null,
        null,
        null,
        null,
        null,
        null,
        null,
        null,
        1,
        null,
        null,
        1,
        null,
        null,
        1,
        null,
        null,
        1,
        null,
        null,
        1,
        null,
        null,
        null,
        1,
        1,
        1,
        null,
        null,
        null,
        null,
        null,
        null,
        null,
        null,
        null,
        1,
        null,
        null,
        null,
        null,
        null,
        1,
        null,
        null,
        1,
        null,
        null,
        null,
        null,
        null,
        null,
        null,
        1,
        null,
        null,
        1,
        null,
        null,
        null,
        null,
        null,
        null,
        null,
        null,
        null,
        null,
        null,
        null,
        null,
        null,
        null,
        null,
        null,
        null,
        null,
        null,
        null,
        null,
        null,
        null,
        null,
        null,
        null,
        null,
        null,
        null,
        null,
        null,
        null,
        null,
        null,
        null,
        null,
        null,
        null,
        null,
        null,
        1,
        null,
        null,
        null,
        null,
        null,
        null,
        null,
        null,
        null,
        null,
        null,
        null,
        null,
        null,
        null,
        null,
        null,
        null,
        null,
        null,
        null,
        null,
        null,
        null,
        null,
        null,
        null,
        null,
        null,
        null,
        null,
        null,
        null,
        null,
        null,
        null,
        1,
        null,
        null,
        null,
        null,
        null,
        null,
        null,
        null,
        null,
        null,
        null,
        null
      ],
      "/Users/helenivanytska/Documents/bookstore/config/initializers/simple_form_bootstrap.rb": [
        null,
        null,
        null,
        null,
        null,
        null,
        null,
        null,
        null,
        null,
        null,
        null,
        null,
        null,
        null,
        1,
        null,
        1,
        null,
        null,
        1,
        null,
        null,
        24,
        null,
        null,
        1,
        null,
        null,
        1,
        null,
        null,
        null,
        1,
        null,
        null,
        1,
        null,
        null,
        null,
        null,
        1,
        null,
        null,
        1,
        1,
        null,
        null,
        null,
        null,
        null,
        1,
        1,
        1,
        1,
        1,
        1,
        1,
        1,
        1,
        1,
        1,
        1,
        null,
        null,
        null,
        1,
        1,
        1,
        1,
        1,
        1,
        1,
        1,
        null,
        null,
        null,
        null,
        1,
        1,
        1,
        1,
        1,
        null,
        1,
        1,
        1,
        null,
        null,
        null,
        1,
        1,
        1,
        1,
        1,
        null,
        1,
        1,
        1,
        null,
        null,
        null,
        1,
        1,
        1,
        1,
        1,
        1,
        1,
        1,
        1,
        1,
        null,
        null,
        null,
        1,
        1,
        1,
        1,
        1,
        1,
        null,
        1,
        1,
        null,
        null,
        null,
        1,
        1,
        1,
        1,
        1,
        1,
        1,
        1,
        1,
        null,
        null,
        null,
        null,
        null,
        null,
        1,
        1,
        1,
        1,
        1,
        1,
        1,
        1,
        1,
        1,
        1,
        1,
        1,
        null,
        null,
        null,
        null,
        1,
        1,
        1,
        1,
        1,
        null,
        1,
        1,
        1,
        1,
        1,
        1,
        null,
        null,
        null,
        null,
        null,
        1,
        1,
        1,
        1,
        1,
        1,
        1,
        1,
        null,
        null,
        null,
        null,
        1,
        1,
        1,
        1,
        1,
        1,
        1,
        1,
        null,
        null,
        null,
        null,
        1,
        1,
        1,
        1,
        1,
        1,
        1,
        1,
        1,
        1,
        1,
        null,
        null,
        null,
        null,
        1,
        1,
        1,
        1,
        1,
        1,
        1,
        null,
        1,
        1,
        null,
        null,
        null,
        null,
        1,
        1,
        1,
        1,
        1,
        1,
        1,
        1,
        1,
        1,
        null,
        null,
        null,
        null,
        null,
        null,
        null,
        1,
        1,
        1,
        1,
        1,
        1,
        1,
        1,
        1,
        null,
        1,
        1,
        1,
        null,
        null,
        null,
        1,
        1,
        1,
        1,
        1,
        1,
        1,
        null,
        null,
        null,
        null,
        null,
        null,
        1,
        1,
        1,
        1,
        1,
        1,
        1,
        1,
        null,
        null,
        null,
        1,
        1,
        1,
        1,
        1,
        1,
        1,
        1,
        null,
        null,
        null,
        null,
        1,
        1,
        1,
        1,
        1,
        null,
        1,
        1,
        1,
        null,
        null,
        null,
        1,
        1,
        1,
        1,
        1,
        null,
        1,
        1,
        1,
        null,
        null,
        null,
        1,
        1,
        1,
        1,
        1,
        1,
        1,
        1,
        1,
        1,
        1,
        null,
        1,
        null,
        null,
        null,
        1,
        1,
        1,
        1,
        1,
        1,
        null,
        1,
        1,
        null,
        null,
        null,
        1,
        1,
        1,
        1,
        1,
        1,
        1,
        1,
        1,
        null,
        null,
        null,
        null,
        null,
        null,
        null,
        null,
        null,
        null,
        null,
        null,
        null,
        null,
        null,
        null,
        null,
        null,
        null,
        null,
        null,
        null,
        null,
        null,
        null,
        null,
        null,
        1,
        1,
        1,
        1,
        1,
        1,
        1,
        1,
        1,
        1,
        1,
        1,
        null,
        null,
        null,
        1,
        1,
        1,
        1,
        1,
        1,
        1,
        null,
        null,
        null,
        null,
        1,
        null,
        null,
        null,
        1,
        null,
        null,
        null,
        null,
        null,
        null,
        null,
        null,
        null,
        null,
        null,
        null,
        null,
        null,
        null,
        null,
        null,
        null,
        null,
        null,
        null,
        null
      ],
      "/Users/helenivanytska/Documents/bookstore/config/initializers/wrap_parameters.rb": [
        null,
        null,
        null,
        null,
        null,
        null,
        1,
        2,
        null,
        null,
        null,
        null,
        null,
        null
      ],
      "/Users/helenivanytska/Documents/bookstore/spec/factories/addresses.rb": [
        1,
        1,
        22,
        22,
        23,
        23,
        23,
        23,
        23,
        9,
        19,
        null,
        null
      ],
      "/Users/helenivanytska/Documents/bookstore/spec/factories/authors.rb": [
        1,
        1,
        6,
        6,
        6,
        null,
        null
      ],
      "/Users/helenivanytska/Documents/bookstore/spec/factories/books.rb": [
        1,
        1,
        102,
        102,
        102,
        102,
        102,
        102,
        102,
        102,
        102,
        102,
        1,
        null,
        null
      ],
      "/Users/helenivanytska/Documents/bookstore/spec/factories/categories.rb": [
        1,
        1,
        1,
        101,
        null,
        null,
        null
      ],
      "/Users/helenivanytska/Documents/bookstore/spec/factories/coupons.rb": [
        1,
        1,
        12,
        14,
        12,
        null,
        null
      ],
      "/Users/helenivanytska/Documents/bookstore/spec/factories/credit_cards.rb": [
        1,
        1,
        6,
        5,
        5,
        6,
        null,
        null
      ],
      "/Users/helenivanytska/Documents/bookstore/spec/factories/deliveries.rb": [
        1,
        1,
        12,
        12,
        12,
        null,
        null
      ],
      "/Users/helenivanytska/Documents/bookstore/spec/factories/line_items.rb": [
        1,
        1,
        1,
        1,
        null,
        50,
        null,
        null
      ],
      "/Users/helenivanytska/Documents/bookstore/spec/factories/orders.rb": [
        1,
        1,
        100,
        100,
        100,
        100,
        100,
        1,
        null,
        null
      ],
      "/Users/helenivanytska/Documents/bookstore/spec/factories/reviews.rb": [
        1,
        1,
        3,
        3,
        3,
        1,
        1,
        null,
        null
      ],
      "/Users/helenivanytska/Documents/bookstore/spec/factories/users.rb": [
        1,
        1,
        148,
        148,
        148,
        148,
        null,
        null
      ],
      "/Users/helenivanytska/Documents/bookstore/config/routes.rb": [
        1,
        1,
        1,
        1,
        null,
        1,
        null,
        null,
        null,
        1,
        1,
        null,
        null,
        1,
        1,
        1,
        1,
        1,
        1,
        null,
        1,
        1,
        null,
        null
      ],
      "/Users/helenivanytska/Documents/bookstore/app/controllers/application_controller.rb": [
        1,
        1,
        null,
        1,
        1,
        null,
        1,
        1,
        1,
        2,
        1,
        null,
        null,
        null,
        1,
        null,
        1,
        213,
        null,
        213,
        162,
        null,
        51,
        null,
        null,
        213,
        null,
        null,
        1,
        162,
        null,
        162,
        null,
        null,
        1,
        167,
        null,
        null,
        1,
        128,
        null,
        null
      ],
      "/Users/helenivanytska/Documents/bookstore/app/helpers/application_helper.rb": [
        1,
        1,
        null,
        1,
        40,
        null,
        27,
        null,
        null,
        1,
        60,
        null,
        null
      ],
      "/Users/helenivanytska/Documents/bookstore/app/models/admin_user.rb": [
        1,
        1,
        null,
        null
      ],
      "/Users/helenivanytska/Documents/bookstore/app/models/application_record.rb": [
        1,
        1,
        null
      ],
      "/Users/helenivanytska/Documents/bookstore/app/admin/addresses.rb": [
        1,
        null
      ],
      "/Users/helenivanytska/Documents/bookstore/app/models/address.rb": [
        1,
        1,
        null,
        null,
        null,
        null,
        null,
        null,
        1,
        null,
        1,
        null,
        1,
        null,
        null,
        null,
        null,
        1,
        null,
        null,
        null,
        null,
        1,
        null,
        null,
        null,
        null,
        1,
        null,
        null,
        null,
        null,
        1,
        null
      ],
      "/Users/helenivanytska/Documents/bookstore/app/admin/deliveries.rb": [
        1,
        1,
        null
      ],
      "/Users/helenivanytska/Documents/bookstore/app/models/delivery.rb": [
        1,
        1,
        1,
        1,
        1,
        1,
        null
      ],
      "/Users/helenivanytska/Documents/bookstore/app/admin/coupons.rb": [
        1,
        1,
        null,
        1,
        0,
        0,
        0,
        0,
        null,
        0,
        null,
        null
      ],
      "/Users/helenivanytska/Documents/bookstore/app/models/coupon.rb": [
        1,
        1,
        null,
        1,
        1,
        1,
        null,
        167,
        null
      ],
      "/Users/helenivanytska/Documents/bookstore/app/admin/authors.rb": [
        1,
        1,
        null
      ],
      "/Users/helenivanytska/Documents/bookstore/app/models/author.rb": [
        1,
        1,
        1,
        1,
        null
      ],
      "/Users/helenivanytska/Documents/bookstore/app/admin/dashboard.rb": [
        1,
        1,
        null,
        1,
        0,
        0,
        0,
        0,
        null,
        null,
        null,
        null
      ],
      "/Users/helenivanytska/Documents/bookstore/app/admin/orders.rb": [
        1,
        1,
        null,
        null,
        1,
        1,
        1,
        1,
        1,
        1,
        null,
        1,
        0,
        0,
        0,
        0,
        null,
        0,
        null,
        null,
        null,
        1,
        0,
        0,
        null,
        0,
        null,
        null
      ],
      "/Users/helenivanytska/Documents/bookstore/app/models/order.rb": [
        1,
        1,
        1,
        null,
        1,
        1,
        1,
        null,
        1,
        1,
        1,
        null,
        5,
        21,
        null,
        1,
        null,
        1,
        1,
        1,
        1,
        1,
        1,
        null,
        1,
        1,
        null,
        null,
        1,
        1,
        null,
        null,
        1,
        1,
        null,
        null,
        1,
        1,
        null,
        null,
        null,
        1,
        1,
        1,
        1,
        1,
        1,
        null,
        null,
        1,
        16,
        null,
        null,
        1,
        8,
        null,
        0,
        null,
        null,
        1,
        8,
        null,
        0,
        null,
        null,
        1,
        null,
        1,
        150,
        null,
        null
      ],
      "/Users/helenivanytska/Documents/bookstore/app/admin/categories.rb": [
        1,
        1,
        null
      ],
      "/Users/helenivanytska/Documents/bookstore/app/models/category.rb": [
        1,
        1,
        null,
        1,
        1,
        null
      ],
      "/Users/helenivanytska/Documents/bookstore/app/admin/admin_users.rb": [
        1,
        1,
        null,
        1,
        0,
        0,
        0,
        0,
        0,
        0,
        0,
        null,
        null,
        1,
        1,
        1,
        1,
        null,
        1,
        0,
        0,
        0,
        0,
        null,
        0,
        null,
        null
      ],
      "/Users/helenivanytska/Documents/bookstore/app/admin/books.rb": [
        1,
        1,
        null,
        null,
        1,
        0,
        0,
        0,
        0,
        0,
        0,
        0,
        0,
        0,
        0,
        0,
        0,
        0,
        0,
        0,
        0,
        null,
        null,
        0,
        null,
        null
      ],
      "/Users/helenivanytska/Documents/bookstore/app/models/book.rb": [
        1,
        1,
        1,
        1,
        null,
        1,
        null,
        1,
        1,
        1,
        1,
        null,
        1,
        1,
        1,
        1,
        null,
        2,
        9,
        2,
        2,
        1,
        1,
        12,
        null
      ],
      "/Users/helenivanytska/Documents/bookstore/app/uploaders/image_uploader.rb": [
        1,
        1,
        null,
        1,
        248,
        null,
        null,
        1,
        1,
        null,
        null,
        1,
        404,
        null,
        null
      ],
      "/Users/helenivanytska/Documents/bookstore/app/admin/line_items.rb": [
        1,
        null
      ],
      "/Users/helenivanytska/Documents/bookstore/app/models/line_item.rb": [
        1,
        1,
        1,
        null,
        1,
        10,
        null,
        null
      ],
      "/Users/helenivanytska/Documents/bookstore/app/admin/users.rb": [
        1,
        null
      ],
      "/Users/helenivanytska/Documents/bookstore/app/models/user.rb": [
        1,
        1,
        null,
        null,
        null,
        1,
        1,
        null,
        1,
        1,
        1,
        null,
        1,
        null,
        1,
        0,
        0,
        0,
        0,
        0,
        0,
        null,
        null,
        null
      ],
      "/Users/helenivanytska/Documents/bookstore/app/admin/credit_cards.rb": [
        1,
        null
      ],
      "/Users/helenivanytska/Documents/bookstore/app/models/credit_card.rb": [
        1,
        1,
        null,
        null,
        null,
        null,
        1,
        1,
        null,
        1,
        1,
        1,
        1,
        1,
        1,
        1,
        null
      ],
      "/Users/helenivanytska/Documents/bookstore/app/admin/reviews.rb": [
        1,
        1,
        null,
        1,
        1,
        1,
        null,
        1,
        0,
        null,
        null,
        1,
        0,
        null,
        null,
        1,
        0,
        0,
        0,
        null,
        null,
        1,
        0,
        0,
        0,
        null,
        null
      ],
      "/Users/helenivanytska/Documents/bookstore/app/models/review.rb": [
        1,
        1,
        1,
        1,
        null,
        null,
        null,
        null,
        1,
        1,
        null,
        1,
        1,
        null,
        1,
        1,
        null,
        null,
        1,
        1,
        null
      ],
      "/Users/helenivanytska/Documents/bookstore/spec/support/factory_bot.rb": [
        1,
        1,
        null
      ],
      "/Users/helenivanytska/Documents/bookstore/app/controllers/addresses_controller.rb": [
        1,
        1,
        null,
        1,
        null,
        1,
        null,
        1,
        2,
        2,
        null,
        0,
        0,
        null,
        null,
        null,
        1,
        0,
        0,
        null,
        0,
        0,
        null,
        null,
        null,
        1,
        null,
        1,
        10,
        null,
        null,
        1,
        4,
        null,
        null
      ],
      "/Users/helenivanytska/Documents/bookstore/spec/controllers/books_controller_spec.rb": [
        1,
        null,
        1,
        5,
        null,
        1,
        6,
        null,
        1,
        1,
        null,
        null,
        1,
        1,
        null,
        null,
        1,
        1,
        null,
        null,
        1,
        1,
        1,
        null,
        null,
        1,
        1,
        1,
        null,
        null,
        null,
        null,
        1,
        1,
        4,
        4,
        null,
        null,
        1,
        1,
        null,
        null,
        1,
        1,
        null,
        null,
        1,
        1,
        null,
        null,
        1,
        1,
        null,
        null,
        null
      ],
      "/Users/helenivanytska/Documents/bookstore/app/controllers/books_controller.rb": [
        1,
        1,
        1,
        null,
        1,
        null,
        1,
        null,
        1,
        11,
        null,
        null,
        1,
        null,
        1,
        null,
        1,
        18,
        null,
        null,
        1,
        18,
        null,
        null
      ],
      "/Users/helenivanytska/Documents/bookstore/spec/controllers/carts_controller_spec.rb": [
        1,
        null,
        1,
        1,
        4,
        null,
        1,
        1,
        null,
        null,
        1,
        1,
        null,
        null,
        1,
        1,
        null,
        null,
        null,
        1,
        1,
        3,
        null,
        1,
        1,
        1,
        null,
        null,
        1,
        3,
        null,
        1,
        1,
        null,
        null,
        1,
        1,
        null,
        null,
        null,
        null
      ],
      "/Users/helenivanytska/Documents/bookstore/app/controllers/carts_controller.rb": [
        1,
        1,
        7,
        null,
        null,
        1,
        3,
        null,
        3,
        null,
        null,
        1,
        null,
        1,
        4,
        null,
        null
      ],
      "/Users/helenivanytska/Documents/bookstore/spec/controllers/checkout_controller_spec.rb": [
        1,
        null,
        1,
        17,
        17,
        null,
        1,
        16,
        16,
        null,
        null,
        1,
        6,
        null,
        1,
        30,
        null,
        5,
        5,
        null,
        null,
        null,
        null,
        1,
        1,
        7,
        7,
        null,
        1,
        5,
        5,
        5,
        null,
        null,
        null,
        1,
        1,
        1,
        null,
        null,
        null,
        1,
        1,
        1,
        1,
        null,
        null,
        null,
        1,
        1,
        1,
        null,
        null,
        null,
        1,
        2,
        2,
        null,
        1,
        1,
        1,
        null,
        null,
        1,
        1,
        1,
        null,
        null,
        null,
        1,
        1,
        1,
        1,
        null,
        null,
        null,
        1,
        2,
        2,
        null,
        1,
        1,
        1,
        null,
        null,
        null,
        null,
        null
      ],
      "/Users/helenivanytska/Documents/bookstore/app/controllers/checkout_controller.rb": [
        1,
        1,
        1,
        null,
        1,
        null,
        1,
        null,
        1,
        37,
        25,
        null,
        null,
        12,
        12,
        null,
        null,
        1,
        9,
        9,
        null,
        null,
        1,
        null,
        1,
        10,
        4,
        null,
        null,
        6,
        6,
        null,
        null,
        null,
        1,
        9,
        9,
        null,
        9,
        null,
        null,
        1,
        2,
        null,
        0,
        null,
        null,
        1,
        2,
        null,
        null
      ],
      "/Users/helenivanytska/Documents/bookstore/spec/controllers/line_items_controller_spec.rb": [
        1,
        null,
        1,
        1,
        1,
        null,
        1,
        3,
        3,
        null,
        1,
        1,
        null,
        null,
        1,
        1,
        null,
        null,
        null,
        1,
        1,
        2,
        2,
        2,
        null,
        null,
        1,
        1,
        null,
        null,
        1,
        1,
        null,
        null,
        null,
        1,
        1,
        1,
        1,
        1,
        null,
        null,
        1,
        1,
        null,
        null,
        null
      ],
      "/Users/helenivanytska/Documents/bookstore/app/controllers/line_items_controller.rb": [
        1,
        1,
        null,
        1,
        7,
        null,
        7,
        5,
        5,
        null,
        2,
        null,
        null,
        7,
        null,
        null,
        1,
        2,
        2,
        null,
        null,
        1,
        1,
        null,
        1,
        1,
        1,
        null,
        0,
        null,
        null,
        1,
        null,
        null,
        1,
        null,
        1,
        14,
        null,
        null,
        1,
        11,
        null,
        null,
        1,
        5,
        null,
        5,
        null,
        null,
        1,
        2,
        null,
        null
      ],
      "/Users/helenivanytska/Documents/bookstore/spec/controllers/orders_controller_spec.rb": [
        1,
        null,
        1,
        8,
        4,
        2,
        8,
        null,
        1,
        5,
        null,
        1,
        1,
        null,
        null,
        1,
        1,
        null,
        null,
        1,
        1,
        null,
        null,
        1,
        1,
        null,
        null,
        null,
        1,
        4,
        null,
        1,
        1,
        null,
        null,
        1,
        1,
        null,
        null,
        1,
        1,
        null,
        null,
        null
      ],
      "/Users/helenivanytska/Documents/bookstore/app/controllers/orders_controller.rb": [
        1,
        1,
        null,
        1,
        4,
        4,
        null,
        null,
        1,
        3,
        null,
        null,
        1,
        null,
        1,
        8,
        null,
        null
      ],
      "/Users/helenivanytska/Documents/bookstore/spec/controllers/pages_controller_spec.rb": [
        1,
        null,
        1,
        4,
        null,
        1,
        4,
        null,
        1,
        1,
        null,
        null,
        1,
        1,
        null,
        null,
        1,
        1,
        null,
        null,
        null
      ],
      "/Users/helenivanytska/Documents/bookstore/app/controllers/pages_controller.rb": [
        1,
        1,
        null,
        1,
        null,
        1,
        19,
        19,
        null,
        null
      ],
      "/Users/helenivanytska/Documents/bookstore/spec/controllers/reviews_controller_spec.rb": [
        1,
        null,
        1,
        3,
        3,
        null,
        1,
        1,
        2,
        null,
        null,
        null,
        1,
        2,
        2,
        null,
        null,
        1,
        1,
        null,
        null,
        1,
        1,
        null,
        null,
        null
      ],
      "/Users/helenivanytska/Documents/bookstore/app/controllers/reviews_controller.rb": [
        1,
        1,
        1,
        null,
        1,
        2,
        null,
        2,
        2,
        null,
        0,
        null,
        null,
        2,
        null,
        null,
        1,
        null,
        1,
        8,
        null,
        null
      ],
      "/Users/helenivanytska/Documents/bookstore/spec/decorators/order_decorator_spec.rb": [
        1,
        null,
        1,
        2,
        null,
        1,
        1,
        1,
        null,
        null,
        null
      ],
      "/Users/helenivanytska/Documents/bookstore/app/decorators/order_decorator.rb": [
        1,
        1,
        null,
        1,
        0,
        null,
        null
      ],
      "/Users/helenivanytska/Documents/bookstore/spec/features/book_page_spec.rb": [
        1,
        null,
        1,
        1,
        2,
        null,
        1,
        1,
        null,
        1,
        1,
        null,
        null
      ],
      "/Users/helenivanytska/Documents/bookstore/spec/features/cart_page_spec.rb": [
        1,
        null,
        1,
        1,
        1,
        1,
        null,
        1,
        1,
        null,
        null,
        1,
        1,
        1,
        1,
        1,
        null,
        1,
        1,
        null,
        null,
        1,
        1,
        null,
        1,
        1,
        1,
        null,
        1,
        1,
        null,
        1,
        1,
        null,
        null,
        1,
        null,
        null
      ],
      "/Users/helenivanytska/Documents/bookstore/spec/features/catalog_page_spec.rb": [
        1,
        null,
        1,
        1,
        1,
        2,
        2,
        null,
        null,
        1,
        1,
        null,
        1,
        1,
        1,
        null,
        1,
        null,
        1,
        null,
        1,
        1,
        1,
        null,
        null,
        1,
        null,
        null,
        1,
        1,
        1,
        1,
        1,
        null,
        1,
        null,
        null
      ],
      "/Users/helenivanytska/Documents/bookstore/spec/features/checkout_page_spec.rb": [
        1,
        null,
        1,
        2,
        1,
        null,
        1,
        1,
        1,
        null,
        null,
        1,
        1,
        1,
        null,
        1,
        1,
        1,
        null,
        1,
        1,
        null,
        1,
        1,
        2,
        2,
        2,
        2,
        2,
        2,
        2,
        null,
        null,
        1,
        null,
        null,
        1,
        null,
        1,
        1,
        null,
        1,
        null,
        1,
        1,
        1,
        1,
        1,
        null,
        1,
        null,
        null,
        1,
        null,
        1,
        null,
        1,
        1,
        null,
        null
      ],
      "/Users/helenivanytska/Documents/bookstore/spec/features/log_in_page_spec.rb": [
        1,
        null,
        1,
        4,
        null,
        1,
        1,
        null,
        1,
        1,
        1,
        1,
        null,
        null,
        1,
        1,
        1,
        1,
        null,
        null,
        1,
        1,
        null,
        1,
        1,
        1,
        1,
        null,
        null,
        1,
        1,
        null,
        null,
        1,
        1,
        1,
        1,
        null,
        1,
        1,
        1,
        null,
        null,
        1,
        1,
        null,
        null
      ],
      "/Users/helenivanytska/Documents/bookstore/spec/features/page_spec.rb": [
        1,
        null,
        1,
        1,
        5,
        5,
        null,
        null,
        1,
        1,
        null,
        null,
        1,
        1,
        1,
        1,
        null,
        null,
        1,
        1,
        null,
        null,
        1,
        1,
        1,
        null,
        null,
        1,
        1,
        null,
        null
      ],
      "/Users/helenivanytska/Documents/bookstore/spec/features/registration_page_spec.rb": [
        1,
        null,
        1,
        1,
        1,
        null,
        1,
        1,
        1,
        1,
        1,
        null,
        null,
        1,
        1,
        null,
        null
      ],
      "/Users/helenivanytska/Documents/bookstore/spec/forms/addresses_form_spec.rb": [
        1,
        null,
        1,
        3,
        3,
        null,
        1,
        1,
        1,
        null,
        null,
        null,
        1,
        1,
        1,
        1,
        1,
        null,
        null,
        null,
        1,
        1,
        1,
        null,
        null,
        null,
        1,
        1,
        1,
        1,
        1,
        null,
        null,
        null
      ],
      "/Users/helenivanytska/Documents/bookstore/app/forms/addresses_form.rb": [
        1,
        1,
        null,
        1,
        null,
        1,
        8,
        8,
        8,
        8,
        8,
        null,
        null,
        1,
        4,
        null,
        null,
        1,
        null,
        1,
        4,
        4,
        null,
        null,
        1,
        4,
        4,
        null,
        null,
        1,
        8,
        null,
        0,
        null,
        null,
        1,
        8,
        null,
        0,
        null,
        null,
        1,
        4,
        null,
        4,
        null,
        null,
        1,
        4,
        null,
        null,
        1,
        8,
        null,
        null,
        1,
        4,
        null,
        null
      ],
      "/Users/helenivanytska/Documents/bookstore/spec/models/ability_spec.rb": [
        1,
        1,
        null,
        1,
        1,
        36,
        null,
        36,
        36,
        36,
        null,
        1,
        27,
        27,
        null,
        1,
        4,
        null,
        null,
        1,
        4,
        null,
        null,
        1,
        4,
        null,
        null,
        1,
        4,
        null,
        null,
        1,
        4,
        null,
        null,
        1,
        6,
        null,
        null,
        1,
        6,
        null,
        null,
        1,
        6,
        null,
        null,
        1,
        8,
        null,
        null,
        2,
        2,
        2,
        null,
        null,
        1,
        10,
        10,
        null,
        1,
        4,
        null,
        null,
        1,
        4,
        null,
        null,
        1,
        4,
        null,
        null,
        2,
        2,
        2,
        null,
        null,
        null
      ],
      "/Users/helenivanytska/Documents/bookstore/app/models/ability.rb": [
        1,
        1,
        null,
        1,
        121,
        null,
        121,
        121,
        null,
        121,
        0,
        121,
        70,
        70,
        70,
        70,
        70,
        70,
        70,
        70,
        null,
        51,
        51,
        51,
        null,
        null,
        null
      ],
      "/Users/helenivanytska/Documents/bookstore/spec/models/address_spec.rb": [
        1,
        null,
        1,
        1,
        16,
        null,
        null,
        1,
        10,
        null,
        null,
        2,
        2,
        2,
        2,
        2,
        2,
        2,
        2,
        2,
        2,
        2,
        2,
        null
      ],
      "/Users/helenivanytska/Documents/bookstore/spec/models/author_spec.rb": [
        1,
        null,
        1,
        6,
        null,
        1,
        4,
        4,
        null,
        null,
        2,
        null
      ],
      "/Users/helenivanytska/Documents/bookstore/spec/models/book_spec.rb": [
        1,
        null,
        1,
        13,
        null,
        2,
        2,
        null,
        1,
        4,
        null,
        null,
        1,
        12,
        null,
        null,
        2,
        2,
        null
      ],
      "/Users/helenivanytska/Documents/bookstore/spec/models/category_spec.rb": [
        1,
        null,
        1,
        2,
        2,
        2,
        null
      ],
      "/Users/helenivanytska/Documents/bookstore/spec/models/coupon_spec.rb": [
        1,
        null,
        1,
        2,
        2,
        null
      ],
      "/Users/helenivanytska/Documents/bookstore/spec/models/credit_card_spec.rb": [
        1,
        null,
        1,
        2,
        2,
        null,
        1,
        8,
        null,
        null,
        2,
        2,
        null,
        2,
        2,
        null,
        2,
        2,
        null,
        2,
        2,
        2,
        2,
        2,
        2,
        2,
        null,
        2,
        null,
        2,
        2,
        2,
        null,
        2,
        2,
        2,
        null
      ],
      "/Users/helenivanytska/Documents/bookstore/spec/models/delivery_spec.rb": [
        1,
        null,
        1,
        2,
        null,
        1,
        6,
        null,
        null,
        2,
        2,
        null
      ],
      "/Users/helenivanytska/Documents/bookstore/spec/models/line_item_spec.rb": [
        1,
        null,
        1,
        1,
        4,
        null,
        null
      ],
      "/Users/helenivanytska/Documents/bookstore/spec/models/order_spec.rb": [
        1,
        null,
        1,
        1,
        6,
        null,
        null,
        1,
        4,
        null,
        null,
        2,
        null
      ],
      "/Users/helenivanytska/Documents/bookstore/spec/models/review_spec.rb": [
        1,
        null,
        1,
        1,
        1,
        1,
        null,
        1,
        4,
        null,
        null,
        1,
        6,
        null,
        null,
        1,
        4,
        null,
        null,
        2,
        null
      ],
      "/Users/helenivanytska/Documents/bookstore/spec/models/user_spec.rb": [
        1,
        null,
        1,
        1,
        6,
        null,
        null,
        2,
        2,
        2,
        null
      ],
      "/Users/helenivanytska/Documents/bookstore/spec/queries/book_best_sellers_spec.rb": [
        1,
        null,
        1,
        1,
        2,
        2,
        2,
        2,
        2,
        null,
        2,
        2,
        null,
        1,
        1,
        null,
        null,
        null
      ],
      "/Users/helenivanytska/Documents/bookstore/app/queries/book_best_sellers.rb": [
        1,
        1,
        null,
        1,
        1,
        null,
        20,
        null,
        null,
        null
      ],
      "/Users/helenivanytska/Documents/bookstore/spec/services/book_filter_service_spec.rb": [
        1,
        null,
        1,
        3,
        null,
        1,
        1,
        1,
        null,
        null,
        null,
        1,
        1,
        1,
        null,
        null,
        null
      ],
      "/Users/helenivanytska/Documents/bookstore/app/services/book_filter_service.rb": [
        1,
        1,
        null,
        1,
        null,
        null,
        null,
        null,
        null,
        null,
        null,
        null,
        1,
        1,
        20,
        null,
        null,
        null
      ],
      "/Users/helenivanytska/Documents/bookstore/spec/services/checkout/condition_step_service_spec.rb": [
        1,
        null,
        1,
        1,
        10,
        10,
        1,
        9,
        null,
        null,
        1,
        1,
        1,
        null,
        null,
        null,
        1,
        3,
        null,
        1,
        2,
        null,
        null,
        1,
        1,
        null,
        null,
        1,
        1,
        1,
        null,
        null,
        null,
        1,
        3,
        null,
        1,
        2,
        null,
        null,
        1,
        1,
        null,
        null,
        1,
        1,
        1,
        null,
        null,
        null,
        1,
        3,
        null,
        1,
        2,
        null,
        null,
        1,
        1,
        null,
        null,
        1,
        1,
        1,
        null,
        null,
        null,
        1,
        3,
        null,
        1,
        2,
        null,
        null,
        1,
        1,
        null,
        null,
        1,
        1,
        1,
        null,
        null,
        null,
        null
      ],
      "/Users/helenivanytska/Documents/bookstore/app/services/checkout/condition_step_service.rb": [
        1,
        1,
        1,
        null,
        1,
        20,
        20,
        20,
        null,
        null,
        1,
        19,
        3,
        4,
        4,
        4,
        4,
        null,
        null,
        null
      ],
      "/Users/helenivanytska/Documents/bookstore/spec/services/checkout/setup_service_spec.rb": [
        1,
        null,
        1,
        5,
        5,
        2,
        2,
        1,
        4,
        null,
        null,
        null,
        1,
        4,
        null,
        null,
        1,
        1,
        2,
        1,
        1,
        null,
        null,
        null,
        1,
        2,
        null,
        1,
        1,
        null,
        null,
        1,
        2,
        1,
        null,
        null,
        null,
        1,
        2,
        null,
        1,
        1,
        null,
        null,
        1,
        1,
        null,
        null,
        null,
        1,
        2,
        null,
        1,
        1,
        null,
        null,
        1,
        1,
        null,
        null,
        null
      ],
      "/Users/helenivanytska/Documents/bookstore/app/services/checkout/setup_service.rb": [
        1,
        1,
        1,
        null,
        1,
        15,
        15,
        15,
        15,
        null,
        null,
        1,
        15,
        null,
        null,
        1,
        3,
        3,
        null,
        null,
        1,
        4,
        null,
        null,
        1,
        4,
        null,
        null,
        1,
        null,
        1,
        null,
        1,
        2,
        null,
        null,
        1,
        4,
        null,
        null,
        null,
        null,
        1,
        3,
        null,
        null
      ],
      "/Users/helenivanytska/Documents/bookstore/spec/services/checkout/show_service_spec.rb": [
        1,
        null,
        1,
        6,
        6,
        6,
        2,
        6,
        null,
        6,
        null,
        1,
        1,
        1,
        null,
        null,
        null,
        1,
        2,
        null,
        1,
        1,
        null,
        null,
        1,
        1,
        null,
        null,
        null,
        1,
        2,
        null,
        1,
        1,
        null,
        null,
        1,
        1,
        null,
        null,
        null,
        1,
        2,
        null,
        1,
        1,
        null,
        null,
        1,
        1,
        null,
        null,
        null,
        1,
        2,
        null,
        1,
        1,
        null,
        null,
        1,
        4,
        1,
        1,
        null,
        null,
        null
      ],
      "/Users/helenivanytska/Documents/bookstore/app/services/checkout/show_service.rb": [
        1,
        1,
        1,
        null,
        1,
        11,
        11,
        11,
        11,
        null,
        null,
        1,
        12,
        null,
        null,
        1,
        3,
        null,
        null,
        1,
        2,
        null,
        null,
        1,
        2,
        null,
        null,
        1,
        null,
        1,
        3,
        3,
        3,
        null,
        null
      ],
      "/Users/helenivanytska/Documents/bookstore/spec/services/checkout/update_service_spec.rb": [
        1,
        null,
        1,
        5,
        5,
        2,
        2,
        2,
        2,
        2,
        null,
        null,
        1,
        2,
        null,
        1,
        2,
        1,
        1,
        null,
        null,
        null,
        1,
        1,
        1,
        null,
        null,
        null,
        1,
        2,
        1,
        1,
        1,
        null,
        null,
        null,
        1,
        2,
        null,
        1,
        2,
        1,
        1,
        1,
        null,
        null,
        null,
        1,
        2,
        null,
        1,
        1,
        1,
        1,
        1,
        1,
        1,
        1,
        null,
        null,
        null
      ],
      "/Users/helenivanytska/Documents/bookstore/app/services/checkout/update_service.rb": [
        1,
        1,
        null,
        1,
        13,
        13,
        13,
        13,
        13,
        null,
        null,
        1,
        13,
        null,
        null,
        1,
        3,
        3,
        null,
        null,
        1,
        3,
        null,
        null,
        1,
        4,
        4,
        4,
        null,
        null,
        1,
        3,
        3,
        3,
        3,
        3,
        null,
        null,
        null,
        1,
        null,
        1,
        2,
        null,
        null,
        1,
        11,
        null,
        null
      ],
      "/Users/helenivanytska/Documents/bookstore/spec/services/generate_coupon_service_spec.rb": [
        1,
        null,
        1,
        3,
        3,
        2,
        null,
        1,
        4,
        null,
        1,
        3,
        null,
        null,
        null,
        1,
        4,
        null,
        1,
        2,
        null,
        null,
        1,
        null,
        null
      ],
      "/Users/helenivanytska/Documents/bookstore/app/services/generate_coupon_service.rb": [
        1,
        1,
        1,
        0,
        0,
        null,
        0,
        null,
        null,
        null,
        null
      ],
      "/Users/helenivanytska/Documents/bookstore/spec/services/line_items_service_spec.rb": [
        1,
        null,
        1,
        1,
        4,
        null,
        1,
        2,
        null,
        1,
        4,
        null,
        null,
        null,
        1,
        3,
        null,
        1,
        4,
        null,
        null,
        1,
        1,
        4,
        null,
        null,
        null,
        null,
        1,
        3,
        null,
        1,
        2,
        null,
        1,
        1,
        null,
        null,
        null,
        1,
        2,
        null,
        1,
        1,
        null,
        null,
        null,
        null
      ],
      "/Users/helenivanytska/Documents/bookstore/app/services/line_items_service.rb": [
        1,
        1,
        null,
        null,
        null,
        null,
        1,
        null,
        1,
        15,
        15,
        null,
        null,
        1,
        5,
        null,
        1,
        null,
        2,
        null,
        null,
        null,
        1,
        7,
        7,
        null,
        null,
        null,
        1,
        3,
        null,
        null
      ],
      "/Users/helenivanytska/Documents/bookstore/spec/services/order_filter_service_spec.rb": [
        1,
        null,
        1,
        1,
        2,
        2,
        null,
        1,
        1,
        null,
        null,
        null,
        1,
        2,
        2,
        null,
        1,
        1,
        1,
        null,
        null,
        null
      ],
      "/Users/helenivanytska/Documents/bookstore/app/services/order_filter_service.rb": [
        1,
        1,
        null,
        null,
        null,
        null,
        null,
        null,
        null,
        1,
        null,
        1,
        6,
        null,
        null,
        1,
        5,
        null,
        null,
        1,
        null,
        1,
        5,
        null,
        null,
        1,
        5,
        null,
        null
      ],
      "/Users/helenivanytska/Documents/bookstore/app/services/pagy_service.rb": [
        1,
        1,
        11,
        11,
        null,
        null,
        1,
        11,
        null,
        null,
        1,
        null,
        1,
        1,
        null,
        null,
        1,
        10,
        null,
        null
      ],
      "/Users/helenivanytska/Documents/bookstore/app/queries/order_search.rb": [
        1,
        1,
        4,
        4,
        null,
        null,
        1,
        4,
        null,
        null
      ],
      "/Users/helenivanytska/Documents/bookstore/app/presenters/book_presenter.rb": [
        1,
        1,
        35,
        35,
        null,
        null,
        1,
        29,
        null,
        null,
        1,
        3,
        null,
        null,
        1,
        3,
        null,
        null,
        1,
        null,
        1,
        38,
        null,
        null
      ],
      "/Users/helenivanytska/Documents/bookstore/app/presenters/order_presenter.rb": [
        1,
        1,
        13,
        13,
        null,
        null,
        1,
        2,
        null,
        null,
        1,
        2,
        null,
        null,
        1,
        2,
        null,
        null,
        1,
        1,
        null,
        null,
        1,
        1,
        null,
        null,
        1,
        1,
        null,
        null,
        1,
        2,
        null,
        null,
        1,
        2,
        null,
        null,
        1,
        0,
        null,
        null,
        1,
        0,
        null,
        null,
        1,
        0,
        null,
        null,
        1,
        0,
        null,
        null,
        1,
        0,
        null,
        null,
        1,
        null,
        1,
        0,
        null,
        null
      ],
      "/Users/helenivanytska/Documents/bookstore/app/mailers/order_mailer.rb": [
        1,
        1,
        null,
        null,
        1,
        3,
        3,
        null,
        null
      ],
      "/Users/helenivanytska/Documents/bookstore/app/mailers/application_mailer.rb": [
        1,
        1,
        1,
        null
      ],
      "/Users/helenivanytska/Documents/bookstore/app/controllers/users/sessions_controller.rb": [
        1,
        1,
        5,
        null,
        5,
        null,
        null,
        1,
        1,
        1,
        null,
        0,
        0,
        null,
        null,
        1,
        0,
        0,
        null,
        null
      ]
    },
    "timestamp": 1554809259
  }
}
